INFO  2017-03-24 01:53:47 - 
@----------------------------------------------------------@
|        KGGSeq        |     v1.0     |   24/Sep./2016     |
|----------------------------------------------------------|
|  (C) 2011 Miaoxin Li,  limx54@yahoo.com                  |
|----------------------------------------------------------|
|  For documentation, citation & bug-report instructions:  |
|              http://grass.cgs.hku.hk/kggseq              |
@----------------------------------------------------------@
Effective settings :
--nt 8
--resource /home/groups/pcsham/shared/kggseq_V1/20160509/kggseq10r/resources
--buildver hg19
--vcf-file /home/jacobhsu/scripts/shared-scripts/NGS/Example_Input/simple_input.vcf
--ped-file /home2/groups/paultam/Jacob/Cloaca_batch2/Phenotype/CLOACA_batch_1+2_noVL9.ped
--out KGGseq_basicQC.diff
--o-vcf
--seq-qual 50.0
--seq-mq 20.0
--gty-qual 20.0
--gty-dp 8
--gty-af-ref 0.05
--gty-af-het 0.25
--vcf-filter-in PASS,VQSRTrancheSNP90.00to95.00,VQSRTrancheSNP95.00to99.00,VQSRTrancheSNP99.00to99.50
--min-obs 60
--db-gene refgene
--db-filter exac
--allele-freq 0.05,0.5
--ignore-indel
--rsid

INFO  2017-03-24 01:53:48 - Donwloading HGNC gene annotations ... 
INFO  2017-03-24 01:54:05 - The lapsed time for downloading is : 17.953 Seconds.

INFO  2017-03-24 01:54:06 - Encoding pedigree file /home2/groups/paultam/Jacob/Cloaca_batch2/Phenotype/CLOACA_batch_1+2_noVL9.ped ...
INFO  2017-03-24 01:54:06 - Reading variants in /nfs/home2/jacobhsu/scripts/shared-scripts/NGS/Example_Input/simple_input.vcf
INFO  2017-03-24 01:54:06 - 1 thread is created to parse VCF!
WARN  2017-03-24 01:54:06 - You can create a file with Blocked GNU Zip Format by 'bgzip /nfs/home2/jacobhsu/scripts/shared-scripts/NGS/Example_Input/simple_input.vcf', See more  http://www.htslib.org/doc/tabix.html
INFO  2017-03-24 01:54:06 - The following 3 subject(s) in VCF file are ignored:
VL9A, VL9B, VL9C.
INFO  2017-03-24 01:54:06 - Quality control summaries:
 583 missing genotypes are ignored 
 90 genotypes are ignored due to low depth at the site with a genotype <8
 725 genotypes are ignored due to low quality of specific genotyping quality <20.0
 31 genotypes are ignored because the fraction of the reads carrying alternative allele >= 0.05 at a reference-allele homozygous genotype and that is <= 0.25 at a heterozygous genotype and that is <= 0 at an alternative-allele homozygous genotype 

 1 variants are ignored because the number of alleles is > 4;
 8 variants are ignored due to the lack of the vcf FILTER in [VQSRTrancheSNP99.00to99.50, VQSRTrancheSNP90.00to95.00, VQSRTrancheSNP95.00to99.00, PASS]
 1 variants are ignored due to low sequencing quality (<50.0)
 44 variants are ignored due to the number of non-null genotypes in sample <60
 15 Indel variants are ignored

271 variant-lines (15 indels) are scanned; and 202 variants of 69 individual(s) are valid in /nfs/home2/jacobhsu/scripts/shared-scripts/NGS/Example_Input/simple_input.vcf
------------------------------------------------------------

INFO  2017-03-24 01:54:11 - 54394 transcripts of 26457 genes have been read in the dataset kggseq_hg19_refGene.txt.gz!
INFO  2017-03-24 01:56:37 - 184 variant(s) exist in exac.
INFO  2017-03-24 01:56:37 - 49 variant(s) with minor allele frequency [0.05, 0.5] in the reference datasets above are left!
INFO  2017-03-24 01:56:37 - Gene feature summary of variants:
 0.frameshift: 0 (0%)
 1.nonframeshift: 0 (0%)
 2.startloss: 0 (0%)
 3.stoploss: 0 (0%)
 4.stopgain: 0 (0%)
 5.splicing: 0 (0%)
 6.missense: 13 (26.531%)
 7.synonymous: 17 (34.694%)
 8.exonic: 0 (0%)
 9.5UTR: 0 (0%)
 10.3UTR: 2 (4.082%)
 11.intronic: 17 (34.694%)
 12.upstream: 0 (0%)
 13.downstream: 0 (0%)
 14.ncRNA: 0 (0%)
 15.intergenic: 0 (0%)
 16.monomorphic: 0 (0%)
 17.unknown: 0 (0%)

INFO  2017-03-24 01:56:37 - 49  variant(s) are left after filtering by gene features.
INFO  2017-03-24 01:56:37 - 48 variants are annotated with rsid.
INFO  2017-03-24 01:56:37 - ------------------------------------------------------------
INFO  2017-03-24 01:56:37 - 49 variants are saved in /nfs/home2/jacobhsu/scripts/shared-scripts/NGS/QC/Kggseq_QC/KGGseq_basicQC.diff.flt.vcf.gz with VCF format.
INFO  2017-03-24 01:56:37 - The index file /nfs/home2/jacobhsu/scripts/shared-scripts/NGS/QC/Kggseq_QC/KGGseq_basicQC.diff.flt.vcf.gz.tbi is created.
INFO  2017-03-24 01:56:37 - Finally, 49 variants are saved in /nfs/home2/jacobhsu/scripts/shared-scripts/NGS/QC/Kggseq_QC/KGGseq_basicQC.diff.flt.txt.gz with flat text format.

INFO  2017-03-24 01:56:37 - Elapsed time: 2 min. 50 sec.
INFO  2017-03-24 01:56:37 - The log information is saved in KGGseq_basicQC.diff.log


